Build started 12/1/2016 2:51:25 PM.
     1>Project "C:\Users\siyu\Documents\GitHub\chapter4\Project1\Project1\Project1.vcxproj" on node 2 (Build target(s)).
     1>Link:
         C:\Program Files (x86)\Microsoft Visual Studio 14.0\VC\bin\link.exe /ERRORREPORT:PROMPT /OUT:"C:\Users\siyu\Documents\GitHub\chapter4\Project1\Debug\Project1.exe" /INCREMENTAL /NOLOGO kernel32.lib user32.lib gdi32.lib winspool.lib comdlg32.lib advapi32.lib shell32.lib ole32.lib oleaut32.lib uuid.lib odbc32.lib odbccp32.lib /MANIFEST /MANIFESTUAC:"level='asInvoker' uiAccess='false'" /manifest:embed /Debug /PDB:"C:\Users\siyu\Documents\GitHub\chapter4\Project1\Debug\Project1.pdb" /SUBSYSTEM:CONSOLE /TLBID:1 /DYNAMICBASE /NXCOMPAT /IMPLIB:"C:\Users\siyu\Documents\GitHub\chapter4\Project1\Debug\Project1.lib" /MACHINE:X86 Debug\main.obj
         Debug\grade.obj
         Debug\median.obj
         Debug\student_info.obj
     1>grade.obj : error LNK2019: unresolved external symbol "double __cdecl grade(double,double,double)" (?grade@@YANNNN@Z) referenced in function "double __cdecl grade(double,double,class std::vector<double,class std::allocator<double> > const &)" (?grade@@YANNNABV?$vector@NV?$allocator@N@std@@@std@@@Z)
     1>C:\Users\siyu\Documents\GitHub\chapter4\Project1\Debug\Project1.exe : fatal error LNK1120: 1 unresolved externals
     1>Done Building Project "C:\Users\siyu\Documents\GitHub\chapter4\Project1\Project1\Project1.vcxproj" (Build target(s)) -- FAILED.

Build FAILED.

Time Elapsed 00:00:00.39
